<?xml version="1.0" encoding="UTF-8"?>
<testng-results skipped="0" failed="1" total="1" passed="0">
  <reporter-output>
  </reporter-output>
  <suite name="appium实战-Android篇" duration-ms="150345" started-at="2016-08-29T07:52:23Z" finished-at="2016-08-29T07:54:54Z">
    <groups>
    </groups>
    <test name="搜索" duration-ms="150345" started-at="2016-08-29T07:52:23Z" finished-at="2016-08-29T07:54:54Z">
      <class name="com.young.appiumcombat.testcases.search.SearchPage_001_SearchDemo_Test">
        <test-method status="PASS" signature="initTest(org.testng.ITestContext)[pri:0, instance:com.young.appiumcombat.testcases.search.SearchPage_001_SearchDemo_Test@7da5c614]" name="initTest" is-config="true" duration-ms="31830" started-at="2016-08-29T15:52:23Z" finished-at="2016-08-29T15:52:55Z">
          <params>
            <param index="0">
              <value>
                <![CDATA[org.testng.TestRunner@3fd8a759]]>
              </value>
            </param>
          </params>
          <reporter-output>
          </reporter-output>
        </test-method> <!-- initTest -->
        <test-method status="FAIL" signature="searchDemo(java.util.Map)[pri:0, instance:com.young.appiumcombat.testcases.search.SearchPage_001_SearchDemo_Test@7da5c614]" name="searchDemo" duration-ms="108668" started-at="2016-08-29T15:52:55Z" data-provider="testData" finished-at="2016-08-29T15:54:44Z">
          <params>
            <param index="0">
              <value>
                <![CDATA[{KEYWORD=Java}]]>
              </value>
            </param>
          </params>
          <exception class="java.lang.AssertionError">
            <message>
              <![CDATA[The [下载] is not contains [Java]]]>
            </message>
            <full-stacktrace>
              <![CDATA[java.lang.AssertionError: The [下载] is not contains [Java]
	at org.testng.Assert.fail(Assert.java:94)
	at com.young.appiumcombat.utils.AppiumUtil.isContains(AppiumUtil.java:361)
	at com.young.appiumcombat.pageshelper.SearchWebviewPageHelper.checkResultFitKeyword(SearchWebviewPageHelper.java:29)
	at com.young.appiumcombat.testcases.search.SearchPage_001_SearchDemo_Test.searchDemo(SearchPage_001_SearchDemo_Test.java:34)
	at sun.reflect.NativeMethodAccessorImpl.invoke0(Native Method)
	at sun.reflect.NativeMethodAccessorImpl.invoke(NativeMethodAccessorImpl.java:57)
	at sun.reflect.DelegatingMethodAccessorImpl.invoke(DelegatingMethodAccessorImpl.java:43)
	at java.lang.reflect.Method.invoke(Method.java:606)
	at org.testng.internal.MethodInvocationHelper.invokeMethod(MethodInvocationHelper.java:86)
	at org.testng.internal.Invoker.invokeMethod(Invoker.java:643)
	at org.testng.internal.Invoker.invokeTestMethod(Invoker.java:820)
	at org.testng.internal.Invoker.invokeTestMethods(Invoker.java:1128)
	at org.testng.internal.TestMethodWorker.invokeTestMethods(TestMethodWorker.java:129)
	at org.testng.internal.TestMethodWorker.run(TestMethodWorker.java:112)
	at org.testng.TestRunner.privateRun(TestRunner.java:782)
	at org.testng.TestRunner.run(TestRunner.java:632)
	at org.testng.SuiteRunner.runTest(SuiteRunner.java:366)
	at org.testng.SuiteRunner.access$000(SuiteRunner.java:39)
	at org.testng.SuiteRunner$SuiteWorker.run(SuiteRunner.java:400)
	at org.testng.internal.thread.ThreadUtil$2.call(ThreadUtil.java:64)
	at java.util.concurrent.FutureTask.run(FutureTask.java:262)
	at java.util.concurrent.ThreadPoolExecutor.runWorker(ThreadPoolExecutor.java:1145)
	at java.util.concurrent.ThreadPoolExecutor$Worker.run(ThreadPoolExecutor.java:615)
	at java.lang.Thread.run(Thread.java:745)
]]>
            </full-stacktrace>
          </exception> <!-- java.lang.AssertionError -->
          <reporter-output>
          </reporter-output>
        </test-method> <!-- searchDemo -->
        <test-method status="PASS" signature="clenTest()[pri:0, instance:com.young.appiumcombat.testcases.search.SearchPage_001_SearchDemo_Test@7da5c614]" name="clenTest" is-config="true" duration-ms="9432" started-at="2016-08-29T15:54:44Z" finished-at="2016-08-29T15:54:54Z">
          <reporter-output>
          </reporter-output>
        </test-method> <!-- clenTest -->
      </class> <!-- com.young.appiumcombat.testcases.search.SearchPage_001_SearchDemo_Test -->
    </test> <!-- 搜索 -->
  </suite> <!-- appium实战-Android篇 -->
</testng-results>
